<?xml version="1.0" encoding="UTF-8"?>
<!-- Generated by org.testng.reporters.JUnitXMLReporter -->
<testsuite ignored="1" hostname="WINDOWS-J0ACLPE" failures="0" tests="2" name="StandAlone Test" time="27.724" errors="0" timestamp="2024-04-11T16:51:13 IST">
  <testcase classname="rahulshettyacademyInterview.StandAlone_2" name="submitOrder" time="6.265"/>
  <testcase classname="rahulshettyacademyInterview.StandAlone_2" name="submitOrder" time="6.687"/>
  <testcase classname="rahulshettyacademyInterview.StandAlone_2" name="OrderHistoryTest" time="0.0">
    <ignored/>
  </testcase> <!-- OrderHistoryTest -->
</testsuite> <!-- StandAlone Test -->
