<?xml version="1.0" encoding="UTF-8"?>
<testng-results ignored="3" total="5" passed="2" failed="0" skipped="0">
  <reporter-output>
  </reporter-output>
  <suite started-at="2024-04-11T16:50:45 IST" name="Suite" finished-at="2024-04-11T16:51:13 IST" duration-ms="27724">
    <groups>
      <group name="Purchase">
        <method signature="StandAlone_2.submitOrder(java.util.HashMap)[pri:0, instance:rahulshettyacademyInterview.StandAlone_2@7db12bb6]" name="submitOrder" class="rahulshettyacademyInterview.StandAlone_2"/>
      </group> <!-- Purchase -->
    </groups>
    <test started-at="2024-04-11T16:50:45 IST" name="Errorvalidation Test" finished-at="2024-04-11T16:50:45 IST" duration-ms="15">
    </test> <!-- Errorvalidation Test -->
    <test started-at="2024-04-11T16:50:45 IST" name="StandAlone Test" finished-at="2024-04-11T16:51:13 IST" duration-ms="27724">
      <class name="rahulshettyacademyInterview.StandAlone_2">
        <test-method is-config="true" signature="launchApplication()[pri:0, instance:rahulshettyacademyInterview.StandAlone_2@7db12bb6]" started-at="2024-04-11T16:50:45 IST" name="launchApplication" finished-at="2024-04-11T16:50:53 IST" duration-ms="8126" status="PASS">
          <reporter-output>
          </reporter-output>
        </test-method> <!-- launchApplication -->
        <test-method signature="submitOrder(java.util.HashMap)[pri:0, instance:rahulshettyacademyInterview.StandAlone_2@7db12bb6]" started-at="2024-04-11T16:50:53 IST" name="submitOrder" data-provider="getData" finished-at="2024-04-11T16:51:00 IST" duration-ms="6265" status="PASS">
          <params>
            <param index="0">
              <value>
                <![CDATA[{password=Anirudha12@, product=ZARA COAT 3, email=abcxyz@gmail.com}]]>
              </value>
            </param>
          </params>
          <reporter-output>
          </reporter-output>
        </test-method> <!-- submitOrder -->
        <test-method is-config="true" signature="tearDown()[pri:0, instance:rahulshettyacademyInterview.StandAlone_2@7db12bb6]" started-at="2024-04-11T16:51:00 IST" name="tearDown" finished-at="2024-04-11T16:51:00 IST" duration-ms="104" status="PASS">
          <reporter-output>
          </reporter-output>
        </test-method> <!-- tearDown -->
        <test-method is-config="true" signature="launchApplication()[pri:0, instance:rahulshettyacademyInterview.StandAlone_2@7db12bb6]" started-at="2024-04-11T16:51:00 IST" name="launchApplication" finished-at="2024-04-11T16:51:06 IST" duration-ms="6367" status="PASS">
          <reporter-output>
          </reporter-output>
        </test-method> <!-- launchApplication -->
        <test-method signature="submitOrder(java.util.HashMap)[pri:0, instance:rahulshettyacademyInterview.StandAlone_2@7db12bb6]" started-at="2024-04-11T16:51:06 IST" name="submitOrder" data-provider="getData" finished-at="2024-04-11T16:51:13 IST" duration-ms="6687" status="PASS">
          <params>
            <param index="0">
              <value>
                <![CDATA[{password=Iamking@000, product=ADIDAS ORIGINAL, email=shetty@gmail.com}]]>
              </value>
            </param>
          </params>
          <reporter-output>
          </reporter-output>
        </test-method> <!-- submitOrder -->
        <test-method is-config="true" signature="tearDown()[pri:0, instance:rahulshettyacademyInterview.StandAlone_2@7db12bb6]" started-at="2024-04-11T16:51:13 IST" name="tearDown" finished-at="2024-04-11T16:51:13 IST" duration-ms="100" status="PASS">
          <reporter-output>
          </reporter-output>
        </test-method> <!-- tearDown -->
      </class> <!-- rahulshettyacademyInterview.StandAlone_2 -->
    </test> <!-- StandAlone Test -->
  </suite> <!-- Suite -->
</testng-results>
